Watching for file changes with StatReloader
[10/Mar/2020 20:17:12] "GET /e/kamalp/hello/ HTTP/1.1" 200 54
[10/Mar/2020 20:17:13] "GET /e/kamalp/hello/ HTTP/1.1" 200 54
[10/Mar/2020 20:17:14] "GET /e/kamalp/hello/ HTTP/1.1" 200 54
[10/Mar/2020 20:17:14] "GET /e/kamalp/hello/ HTTP/1.1" 200 54
[10/Mar/2020 20:17:14] "GET /e/kamalp/hello/ HTTP/1.1" 200 54
[10/Mar/2020 20:17:26] "GET /e/kamalp/hello/ HTTP/1.1" 200 54
[10/Mar/2020 20:17:26] "GET /e/kamalp/hello/ HTTP/1.1" 200 54
[10/Mar/2020 20:17:26] "GET /e/kamalp/hello/ HTTP/1.1" 200 54
[10/Mar/2020 20:17:26] "GET /e/kamalp/hello/ HTTP/1.1" 200 54
[10/Mar/2020 20:20:05] "GET /e/kamalp/hello/ HTTP/1.1" 200 54
[10/Mar/2020 20:20:06] "GET /e/kamalp/hello/ HTTP/1.1" 200 54
[10/Mar/2020 20:20:06] "GET /e/kamalp/hello/ HTTP/1.1" 200 54
[10/Mar/2020 20:20:06] "GET /e/kamalp/hello/ HTTP/1.1" 200 54
[10/Mar/2020 20:20:06] "GET /e/kamalp/hello/ HTTP/1.1" 200 54
[10/Mar/2020 20:20:06] "GET /e/kamalp/hello/ HTTP/1.1" 200 54
[10/Mar/2020 20:20:22] "GET /e/kamalp/hello/goodbye/ HTTP/1.1" 200 51
Performing system checks...

System check identified no issues (0 silenced).

You have 17 unapplied migration(s). Your project may not work properly until you apply the migrations for app(s): admin, auth, contenttypes, sessions.
Run 'python manage.py migrate' to apply them.
March 10, 2020 - 20:17:06
Django version 3.0.3, using settings 'django_Proj_1.settings'
Starting development server at http://localhost:10051/
Quit the server with CONTROL-C.
